476
0 9971 6380 1952 9711 505 2558 8457 5466 7463 9846 6720 7257 3533 8387 9955 412 4326 3584 7949 935 9007
1 845 3126 4805 9605 4608 4096 9208 7927 8453 5759 7851 9834 2962
3 8539 5671 4303 7436 1888 8947 5635 5203 5803 4356 166 4962 9804 9409 772 1348 5756 5412 4170 6537 3894 79
4 6572 4138 1695 5675 7785 3339 1297 1056 3436 9023 5848 732 5507
5 8357 7825 9627 9947 9663 6298 9392 2162 3975 7257 1826 7581 1711 7791 9545
6 2002 5285 7577 8026 7694 8511 9850 4527 540 8560 1160 1856 8109 5897 8223 866 259 7413
7 2440 4395 7738 8206 1022 8260 8947 8043 228 330 9374 5783 135 9545
8 558 4011 4846 7235 139 2820 9885 3822 8925 3630 5223 2016 5350 4240 5215 9713 2986 2240
9 4980 3238 3790 1600 7963 2594 5671 2718 9543 2096 3728 6516 7153 6631 3023
10 6846 6833 4511 2545 6718 5926 4765 7700 8077 3990 929 6499 8118 6170 2437 6258 4901 7438
11 4303 4502 4670 41 6451 5353 8215 6647 5055 7176 3128 753 5064
12 6119 7559 7227 5232 7757 3315 3870 9446 1714 592 8114 2962 2327 8484 1560 2349 2288
13 2849 5720 758 2165 3265 3600 8346 6477 1437 9290 378 5326 8386 1979
14 9764 5548 7166 2073 6977 9632 1445 2905 2019 9080 1850 6370 239 9391 348 9739 9293 4985 6470 7699
15 6262 5378 2503 1002 1803 3827 4430 9361 4887 7533 3316
16 1957 613 534 3148 2881 4998 6500 7314 124 5551 4060 3316
17 7313 448 2604 101 410 4472 9895 2718 7354 4561 7613 9717 9007 3894
18 8149 7144 461 1079 3917 3746 1675 9593 2982 4416 4913 4802 6920 6054
19 8562 361 751 2771 7805 8259 8383 1923 9877 8388 3774 7333 5651 8110 2175 9615 412 6044 3103 6613
20 8305 7225 2854 4958 2590 1139 9769 4652 6060 143 6581 9955 3236 2489 7545 2666 3783 5251 8125 9968
21 3469 1489 945 5838 8597 8745 5971 4068 4576 2420 2596 552 9144 4286
22 5493 7856 1385 7751 6117 5203 124 1699 1516 4039 7984 1645 7333 3376 8134 9968
23 7128 9220 9381 7897 2547 8721 3744 5704 935 6390 991 860 7204 8005 8293 5715 2
24 3156 7963 8947 98 8215 2849 6413 4039 8388 2004 9604 9224 2340 3894 2 979 2962
25 3819 4812 5897 8329 3924 3420 6958 6440 540 6176 362 3338 8332 369 321 2 79
26 5411 7042 9158 5876 3239 1790 6206 4448 5534 9804 9980 2666 2611 6359 6920 5219 1343 7413 5962
27 2868 4419 3250 447 2085 3473 6569 7102 5635 3935 6413 1516 5917 3383 3961 3004 9265
28 1321 605 9173 6902 7309 5415 3094 9050 3198 3666 7590 865 5064 6635 5412 3982 1774 7762 1042 3894
29 8562 6732 9126 2266 7382 4502 6308 6451 1603 8035 4171 8419 6258 259 8293
30 261 72 2028 151 2205 9557 6903 9410 3654 8824 7292 6549 5271 6054 9198 2983 7133 569
31 9586 289 141 1927 2234 4021 7018 3425 2014 224 2334 5292 2878 3463 5387 4011 6737 2437 2555
32 6749 6273 4488 9535 287 3515 763 3473 8681 4793
33 5585 3950 9226 4919 6748 9220 2272 7623 4683 7956 6370 2192 3827 3023 3032
34 1796 2407 6951 8966 6236 9035 8631 7007 7417 3009 1436 7480 8429 2673 935 5838 9197 4531
35 7523 8947 9913 1888 8831 4683 3492 9864 5897 249 4091 311
36 8511 1649 5571 6117 4113 6366 3643 5101 8106 5767 7038 3427 7852
37 8075 5784 3645 9481 7805 8368 2201 1287 5606 302 4039 9904 4816 139 4341
38 2694 296 7002 9481 8353 4121 4334 5119 4537 8358 3408 2349 2288 8484 2962 2327 5064
39 5442 7845 913 3532 8353 4881 1717 6117 4443 1037 3755 2392
40 2892 1983 9013 5448 1561 8271 1481 5175 3369 1334 1385 8841 6195 7806 1892 8922
41 2618 977 2077 3229 7118 8681 3364 3408 5159 5722 1820 5854 8396 1625 6986 2555 7949 321
42 2208 6569 8605 9458 6153 3467 5022 4439 1700 5739 977 6067 9518 8134 7206 6054 3012
43 7600 4119 2980 7805 98 6029 3321 8388 4039 3408 4837 6889 3894 5715
44 9221 8538 6689 434 9173 3951 5377 4144 7856 5359 4170 9139
45 4980 9645 1642 5096 7415 3745 7729 3405 2872 6702 5780 5897 4356 4206 2235 838 4679 1238 6101 5458 2 935
46 296 3796 108 9481 8368 1790 9218 5618 5396 4027 4345 9973 7140 770 7519 427
47 2222 9169 4047 4856 7769 4594 100 295 3656 8920 9390 3368 9139 9721 1039 5946 7880
48 8865 5757 5652 8075 8617 4600 1372 7000 6762 979 6534 8062 1145 9852 7652 9968 3032
49 4968 3296 4936 4271 2868 1713 9895 4631 523 8418 2643
50 6724 1872 5263 8598 3912 4107 8027 4959 2714 3934 808 3164 8362 199 4199
51 2694 296 7002 9481 8353 4121 4334 5119 4537 8358 3408 2349 2288 8484 2962 2327 79 2 7883 321
52 3745 6748 6331 3405 6983 6702 1192 315 7314 7157 9662 4116 7605 6734 4129 7699
53 5411 2798 4438 6660 4821 7638 5466 4059 330 4823 2307 8830 2768 2121
54 2367 3464 4365 426 3023 7333 625 3245 4619 6374 9987 207 1447 5658 4326 1750 5064 935
55 4391 8826 9704 7308 9698 9619 4477 3041 9718 1411 4012 8284 1134
56 5447 5816 1613 2219 2083 3496 1849 8149 2514 2786 6875 9795 9008 1871 6737
57 4395 890 2841 101 9139 8818 5346 6577 7629 3012 3236 1833 2917 79
58 6745 3765 1904 4179 9761 2945 5854 1080 4293 7173 5385 8572 3285 76 935
59 4562 3344 654 8046 7623 3904 4998 3939 4652 4206 8418 7333 4234 6692 979 4199
60 4562 3344 654 8046 7623 3904 4998 3939 4652 4206 8418 7333 4234 6692 979
61 5018 3121 5097 1752 4672 2643 2117 4351 2119 2238 5009 5578 7997 8604 2603 6692 6554 9968 3894 4199
62 5411 2798 4438 6660 4821 7638 5466 4059 330 4823 2307 8830 2768 3894 4199
63 3728 1576 3021 8577 8149 5346 1619 2233 7136 6840 1175 3921 9313 6021 7949 9075 2685 8994 4399 6054 4352 1979 9533 9007 3074
64 8562 5003 8791 4472 3939 9374 7956 2326 5027 2192 5635 1790 5645 6872 7773 2611 552
65 4507 3950 2331 3796 8303 7225 5620 561 4767 1335 5981 1731 7314 199 847 4199
66 928 8705 9725 6907 4488 2394 7638 3808 1617 4468 2085 188 7438 6986
67 9762 5727 2351 5782 3920 4146 1073 1585 1571 2097 4170 5748
68 5364 9632 6979 8821 2549 7371 2046 4894 3251 9464 8066 3944 9979 5219 7949 8145
69 5454 4968 5459 8878 8353 7895 7354 6737 5661 7241 5506 6290 8710 3074 5383 5117 1668 5962
70 3881 7257 5206 631 8581 5991 8658 5049 3158 1216 2868 6449 8733 3869 9007 3602 5869
71 296 1952 1969 4121 238 5016 73 3686 9266 302 4198 5630 4901 4091 5869 2491 7759 5880
72 8744 3355 4205 8342 4302 2262 2539 244 6080 3793 3615 1375 8910 2986 9842 7949
73 9226 3745 8878 4488 2894 1192 9651 6556 383 4985 6958 9970 8994 8235 1534
74 5986 7127 4109 9011 2695 3528 148 6221 7543 5505 3368 4400 7044 7049 569 3543
75 2618 977 2077 3229 7118 8681 3364 3408 5159 5722 1820 5854 8396 1625 6986 2555 6613 321
76 3697 8265 9846 3420 9845 8324 9704 6570 9370 2419 6769 4081 4672 4311 4280 5849 3316 1601 8671 3521 412 7762 2555 935
77 2225 2077 6591 7307 6647 659 5159 4952 6750 2349 2288 3089 7699 2114 321 6613
78 8745 3453 7334 8343 9656 8681 2077 4326 977 3897 5561 2951 4767 5524 2618 438 9007 9075
79 5314 4923 8353 7655 6035 4567 8677 8399 7526 6699 2563 6077 6797 2412 9199 3074
80 306 3156 3796 2466 1541 3533 4855 3744 9638 1143 7680 1923 6963 1348 9604 5869 8125 2 7652
81 1163 3417 9703 9041 3163 3028 4554 7392 2392 3822 7526 3799 9068 8193 6532 2662 4967 876 5643 2240
82 4936 810 7415 4834 3800 8368 9315 2201 3513 1385 5581 9050 6413 3408 6611 511 5219 8491
83 367 7938 7738 1459 1482 6208 9745 873 5821 7432 5320 6416 8859 5318 8910 6170 5917 9224
84 4401 2423 8528 5278 3911 3278 9722 4588 5374 2087 5301 1881 7222 3427 1846 1375 3783 2340 7699 935 2288 2962
85 4562 8878 913 41 9638 7590 4574 9401 7545 4093 8945 475 5946 2585 8134 952 5326 5219 4901 2962
86 7128 296 751 8227 3148 5661 315 9817 3473 8939 528 6608 560 5433 3561 925 5156 321
87 9116 3058 9200 1752 9304 4761 995 3328 1943 1131 7213 7657 2
88 3645 2590 911 9243 7702 1192 5942 4776 9365 3521 1086 3383 6196 3543 4457 6258 4624 2288
89 9158 4943 4419 4315 7873 4448 8388 6309 6189 9703 4923 3781
90 7523 8947 9913 1888 8831 4683 3492 9864 5897 249 4091 311
91 4271 928 3645 2722 7600 3532 7623 5353 8035 8622 427 2327 4679 7296 2121 1984 5507
92 5096 911 7048 6955 2849 2431 5991 4491 5153 9980 3265 3885 4091 6836 4749 4760 6537 6258
93 728 477 7242 1472 3682 672 158 78 3660 6687 2456 6539 8227 583 3023 183 9007
94 6168 905 4843 2188 5292 4363 9345 7498 9524 7357 4561 1918 7333 9138 7949 1774 7413
96 2868 296 613 9243 5671 7638 228 2096 8831 4858 3355 3074 560 5917 8183 647 3006 1774 1625 5099 7240 3877 321
97 9694 4539 7042 928 1334 534 8539 6134 913 216 9290 6556 5942 3376 876 9930 6613
98 1555 8568 1385 1558 9345 3876 5163 1850 3491 4435 4070 3368 2076 7929 4843 3364 732 3528 476 7732 3012 2240 569
99 8673 5967 616 8559 1063 3939 5624 9003 2313 2704 2199 5966 6771 7537 1731 2121
100 9221 8538 6689 434 9173 3951 5377 4144 7856 5359 4170 2288 7296 1774
101 1675 1694 6619 1243 1736 9341 4806 2123 3293 123 6667 4824 604 6702 148
102 4240 3809 1099 1235 6745 4192 5466 8636 3745 5470 4176 6101
104 9302 713 5640 1378 8852 2028 1439 5848 9064 2433 9722 2920 883 335 7289 9244 5286 1668
105 2225 1969 2590 4334 9543 9643 98 1102 2085 9278 3806 4691 1534
106 1713 7225 5377 2590 913 2021 7002 3532 2349 647 5412 1429 1121 7759 9842 5715
107 1321 605 9173 6902 7309 5415 3094 9050 3198 3666 7590 865 5064 6635 5412 3982 1774 7762 1042
108 2722 8575 5410 1339 4814 2623 9691 8234 2698 3349 8448 321 1670 1289
109 6157 6700 7480 3388 7500 8764 8381 8598 25 8856 7254 1032 4170 4760 935 9007 5715
110 3468 6748 7973 4071 9984 2765 7313 2297 783 3102 7662 6255 5670 1247 2615
111 23 5483 952 1340 7577 4403 6791 7822 188 9850 4708 5711 5619 6534 6938 1134
112 2400 9257 769 8740 9362 9611 8501 6380 6504 2085 7133 5748
113 3839 2449 1758 2710 6267 2794 4948 9755 5700 8263 2717 5393 3038 6592 8585 8539 450 3885 6285 2288
114 1998 1809 3673 4454 3149 5488 3939 6061 6984 6399 3321 671 5340 2
117 8744 6591 6308 2718 216 7853 9050 6872 9969 8195 8533 3823 8193 4664 311 5412
118 5411 7042 9158 5876 3239 1790 6206 4448 5534 9804 9980 2666 2611 6359 6920 5219 1343 7413 9007
119 1321 605 9173 6902 7309 5415 3094 9050 3198 3666 7590 865 5064 6635 5412 3982 1774 7762 1042 427
120 8305 3344 2266 6252 7708 2044 3600 801 7873 1647 7880 9007 8716 3894 2240
121 1334 9161 4670 7594 9177 4881 528 5406 3439 9401 883 9555 9848 1752 5848
122 3281 8538 3238 6807 434 8878 9139 7436 1144 8046 6367 9543 442 5661 9374 8830 9834 1670 4664 2962 3877
124 9776 2122 9746 726 5219 5357 6333 3033 5160 122 6805 5365 949 1956 8431 1134 6827
125 6518 3337 1991 5202 6194 9739 4681 2073 2807 895 3582 3377 2288
126 1321 605 9173 6902 7309 5415 3094 9050 3198 3666 7590 865 5064 6635 5412 3982 1774 7762 1042 9533
127 7925 9127 543 3796 9539 2722 2980 5119 6060 9013 9007 1668
128 4919 2604 1049 1952 3515 7594 5661 4116 7605 1348 1796 2631 2389 1799 847 3144 2555 321
129 3922 4303 3432 7873 5942 9031 6698 9394 3774 9967 2753 8506 5339 4047 1583 7709 2 6938
130 4919 2604 1049 1952 3515 7594 5661 4116 7605 1348 1796 2631 2389 1799 847 3144 2555 2
131 3441 1794 8552 7880 7851 8460 3894 9782 694 869 7768 3177 8829 7519 7240
133 3243 5674 108 3753 434 8046 785 8517 8233 4043 1318 1135 2199 3783 8528 188 9834 2288 4129
134 6868 6973 1340 7833 2660 800 4371 4765 4901 5106 215 166 4660 5710 352 8696 511 6331 3885 3894 3982
135 5412 8547 8648 682 992 5518 1629 9765 2114 7936 6537 8854 6030 5288 7852 8068 6938
136 6732 3796 6380 911 3800 4488 3432 3148 41 2085 7874 9330 4345 3827 8157 7133 2121 79
137 3156 7963 8947 98 8215 2849 6413 4039 8388 2004 9604 9224 2340 3894 2 979
138 8412 7565 4408 2700 6813 3821 6079 968 9723 6681 2856 7213 4855 3783 7153
139 6079 2670 7326 3286 5926 9872 6929 1717 872 4538 5848
140 3645 7708 2044 8549 7307 5649 7157 2838 3145 3699 8644 6938
141 7313 448 2604 101 410 4472 9895 2718 7354 4561 7613 9717 9007 3012
142 8463 1163 2474 2941 5497 5180 6354 4214 1955 3950 8911 6997 847 8345 959 2870 2191 2264 3077 6534 7575
143 3403 2691 8676 9952 1646 8406 8587 134 7024 2558 6512 2228 1080 7306 476 8043 625 2892 7709
144 7042 3645 3745 2493 547 9735 6331 8947 2105 8940 2096 5079 4356 8269 8711 3023 412 7699
145 4980 9645 1642 5096 7415 3745 7729 3405 2872 6702 5780 5897 4356 4206 2235 838 4679 1238 6101 5458 7762
146 6613 8844 9284 8266 1041 5875 5506 3434 1719 9432 2982 7757 2102 9475 2288 2962
147 4880 9 8273 9722 654 8152 9220 2051 5016 6681 6635 7153 1121
148 4019 1883 134 5883 5834 687 8178 7130 9139 6278 949 7791 9842 3584 2
149 7042 3645 3745 2493 547 9735 6331 8947 2105 8940 2096 5079 4356 8269 8711 3023 412 9007 9968
150 7590 2185 4729 9013 4895 3119 7433 2420 7573 1892 3666 1102 8223 3758 6635 7806 5064 8008 1668 935
151 8562 361 751 2771 7805 8259 8383 1923 9877 8388 3774 7333 5651 8110 2175 9615 412 6044 3103 1668
152 436 3297 8945 9590 7338 7856 169 666 7902 970 2291 8733 5492 7153
153 5681 2054 5563 8511 5240 8398 9756 9350 4294 5445 420 6613
154 9696 8223 5690 1431 6576 8869 3142 6953 6579 9514 7399 5768 9852 4199 352
155 3283 1626 1830 5975 5514 7219 6544 7828 8252 7218 3756 9533 745 9270
156 911 2980 7903 8043 383 5067 5606 2199 8844 3265 3506 4095 3823 6538 6613 4199
157 6273 108 2604 7702 442 5661 3229 9424 6430 5203 9365 4199
158 9390 2718 216 7777 112 4113 9566 6698 6413 8681 7984 7513 770 8687 244 2613 5860 8134 5775 9178 321 7153
159 1957 2466 9105 2771 3800 5222 7638 3600 6451 7110 3827 6285 7864 3836 321
160 4685 9395 6788 6487 684 1246 1864 6866 6442 8722 4629 2878 9215 1429 9848 2121 2555
161 9846 5992 4005 5993 9014 8383 6207 6192 4147 2884 74 1015 883 6178
162 2694 296 7002 9481 8353 4121 4334 5119 4537 8358 3408 2349 2288 8484 2962 2327 3936 7883
163 361 6380 9 2466 8744 1367 3382 6702 1997 4879 5027 3420 9007 2892 935 2240
164 4880 9 8273 9722 654 8152 9220 2051 5016 6681 6635 7153 1121
165 5493 7845 2980 2894 4998 1212 5506 5007 3207 5203 3393 1256 5368 5288 838 3427 9848 7762
166 287 5536 3028 1343 9543 1318 1951 3003 3195 4545 2696 5396 8193 7163 3163 4626 5643 2240 4199
167 4980 1592 6902 8699 8698 6427 7643 7903 576 5855 9135 8600 784 2986 3982
168 5574 7738 2656 5839 8238 1680 2589 7019 4325 7245 3089
169 911 2980 7903 8043 383 5067 5606 2199 8844 3265 3506 4095 3823 6538 6613 321
170 6248 7419 2989 7999 4166 3023 7272 6169 3455 7183 3077 9465 4531
171 2225 2077 6591 7307 6647 659 5159 4952 6750 2349 2288 3089 7699 2114 9007 79
172 7702 6702 7997 4206 9662 7819 3408 5722 6452 4580 8002 2389 4967 6547 6692 3894 4199 1668 2
173 7089 6571 6988 3012 6576 612 9733 3398 7491 282 8596 4923 4314 4317 7240 5677 8994 9139 2288
174 5381 7211 3525 6398 4184 7547 3184 598 5792 2040 4749 1812 9545 7652
175 6372 4925 7127 108 7415 3532 4174 7345 401 3408 8530 1668 7545 4504 2001 1125 7742 8470 321
176 2264 4880 2269 9226 928 1459 8698 2229 93 7903 6591 2272 6054 5848
177 1279 7633 7820 3377 736 5294 3960 9077 404 9947 4921 2178 4668 5594 8775 6550
178 8224 2456 3623 9112 7377 1752 6494 3612 8073 2557 7963 5122 3006 8134 5412 8994
179 4270 6996 1371 7353 873 9243 4443 886 9997 574 9842 1241 2158 8841 3521 4020 9545 3023 1534 935 5715
180 668 8336 5007 7293 3835 6631 3990 2587 4084 572 7336 2968 5926 2760 7788 6331 1042 6584 925
182 7344 3952 5595 6125 9479 3461 527 3079 6704 7367 6741 3969 652 7153 7120
183 8744 3355 4205 8342 4302 2262 2539 244 6080 3793 3615 1375 8910 2986 9842 6938
184 2264 3675 3357 1961 8511 8539 4472 654 9122 9794 7982 41 6451 4692 8907 8284 3144 7517 7949 1984
185 3801 4297 5131 230 6188 1333 7280 3425 7674 1036 549 8677 2327 2060 1391 2904 4340 6134 79
186 433 5924 9096 9572 8227 6933 5811 960 90 4265 5967 8174 876 4340 2322 84 300 4377 9013 3012
187 3156 7963 8947 98 8215 2849 6413 4039 8388 2004 9604 9224 2340 3894 2 979 2962
189 3405 9543 8215 7652 2326 6117 5551 2554 7874 7945 1487 5237 1528 79
190 3663 9105 1139 4834 7463 447 4437 2919 5581 1717 2326 5067 2299 9050 401 8121 7922 4317
191 6511 7654 2307 5091 2498 330 4296 779 3303 1214 2781 977 7845 7992 6458
192 6616 6153 6633 3714 3565 6145 4479 412 2359 8906 3706 247 3373 3348 1984 7153
193 6749 4936 296 3460 810 7722 3725 4561 2703 5897 3894 2555
194 7042 2694 7531 6273 4156 7415 93 3382 6988 4561 447 9374 6285 6534 8125 7652
196 8616 6289 7865 3063 4100 152 9116 8331 8070 7983 901 1429 5132 1058 6748 2274 321
197 7973 4071 2507 9214 3102 8460 4927 6540 348 2537 1347 2422 3894
198 8562 5582 7463 7594 9882 6556 9374 8721 3935 7590 5704 3699 9889 3885 991 6621 4035 7240 9968 5715
199 8075 5784 3645 9481 7805 8368 2201 1287 5606 302 4039 9904 4816 139 4341
200 4880 9 8273 9722 654 8152 9220 2051 5016 6681 6635 7153 1121
201 1520 5 5780 3224 451 9127 2385 4865 3610 917 2475 2685 2753 5097 9007 5458 6778 7699
202 2868 296 613 9243 5671 7638 228 2096 8831 4858 3355 3074 560 5917 8183 647 3006 1774 1625 5099 7240
203 2619 3722 2687 944 7603 6548 3017 3295 4619 3160 7899
204 543 9 8273 4303 7722 8430 2051 9800 7241 5748 6584
205 8305 6380 5096 4468 8549 4683 7023 9817 572 758 7984 3376 2666 6153 1668 2121
206 2817 5664 237 3043 3932 1140 5899 221 5682 78 5610 2942 620 7258 7864 4216 6537 9608 7932 1750 3012 8994 6613
207 1689 7987 445 7575 4985 1038 9088 765 1437 813 4512 9198 5063 6883 2790 8644
209 6013 2448 5585 1099 7126 2431 6477 8653 1943 2524 252 7886 2729 4958 7864 3012 8994 9244
210 543 9 8273 4303 7722 8430 2051 9800 7241 3012 1668 9129
211 7935 9098 3464 315 6842 7688 3780 746 6218 6621 6075 9133 8800 1117 2790 8293
214 3090 4156 108 7708 4315 447 4537 7195 302 461 241 7052 79 2240
215 5404 7845 977 1246 9315 1441 7048 5506 3212 6370 249 5055 4198 9400 1037 4901 9244
216 2932 4248 8505 9222 8676 6738 2586 5976 6254 5372 4890 148 8005 709 7053 4728 1328 9199 6547 3074
217 9372 7641 8686 1389 5551 685 6140 1275 2054 2241 2745 6333 6978 9199 5412 3032 79
218 1301 2896 4495 7022 4896 4060 5300 9301 557 5631 3548 5513 5910 7845 3144 9848 79
219 8744 3355 4205 8342 4302 2262 2539 244 6080 3793 3615 1375 8910 2986 9842
220 9236 9067 861 3689 944 9314 5924 3085 8745 2023 1647 4326 420 9075
221 5420 2343 7447 7205 9752 1082 4237 5669 4937 744 6477 4985 753
222 2694 9315 7403 5016 7257 1655 9424 4812 2299 3474 7791 7517 2288 321
223 8305 6689 8878 9722 9895 6779 87 8831 874 9428 4537 2760 8711 9842 979 8406
224 3090 4343 7054 977 9390 9735 8239 4652 5880 1010 6167 5179 9969 5534 4967 7001 8284 3894
225 2694 9315 7403 5016 7257 1655 9424 4812 2299 3474 7791 7517 6613 321
226 5504 5840 6171 6081 1680 5568 8178 1787 80 8024 7733 4004 4020 3074 8121 4531
227 6749 4936 296 3460 810 7722 3725 4561 2703 5897 3894 2555
228 8915 3100 2941 8023 3870 505 6192 1156 8053 2118 2675 758 1721 9903 8722 9931 8043
229 4968 3296 4936 4271 2868 1713 9895 4631 523 8418 2643
230 8305 3344 2266 6252 7708 2044 3600 801 7873 1647 7880 9007 8716 3894 9842
231 5456 408 6103 3445 6893 7210 8175 5177 3255 6082 1476 7214 5508 6010 2986 5307
232 5500 4249 7198 3337 9186 8549 8889 9771 1713 3150 6164 4962 6005 4302 8418 7933 1524 8307 5869 2643
233 3007 676 3467 7318 3439 8335 2155 8439 1692 8927 77 9872 5393 750 554 5014 5869 8345 8644 935
234 7702 6702 7997 4206 9662 7819 3408 5722 6452 4580 8002 2389 4967 6547 6692 3894 4199 935
235 7128 6240 1713 4554 1592 6902 890 4472 9244
237 8539 5671 4303 7436 1888 8947 5635 5203 5803 4356 166 4962 9804 9409 772 1348 5756 5412 4170 6537 4199
238 1943 3842 1869 4877 5893 7162 6659 8365 6058 8208 8739 813 4546 2904 2344 1668 374 4948 6101
239 8280 3409 3439 1220 836 6184 951 1742 6918 9076 9636 2852 8753 5869 8157 9453 9224 5715
241 5618 7055 2794 4400 3734 5543 8941 334 197 6858 5027 8728 776 79 5340 7296 3144 3877
242 1334 9161 4670 7594 9177 4881 528 5406 3439 9401 883 9555 9848 1752 5848
243 2621 6589 5567 34 2225 5340 6527 7234 9708 4963 3841 3353 3135 5887 2263 9654 3316 3079 4176 8830 3285 5156 2288
244 5274 555 6225 2333 1618 3942 5988 2184 9333 4956 3240 5388 6584 4020 8005 79 321 5762
245 1635 4817 5202 1278 772 1618 926 9129 6438 7151 1917 7751 3377 259 8848 8487 6030 5412
246 752 4395 2331 2241 2590 3800 9243 3532 5466 523 5869 8462 8134 4901 8994 9842
247 8895 5456 7512 4373 5296 1683 301 6437 9824 5112 5149 9834 2962
248 3090 4343 7054 977 9390 9735 8239 4652 5880 1010 6167 5179 9969 5534 4967 7001 8284 9968
249 9711 1149 6188 8668 4907 5670 1435 957 8762 8772 7822 8337 9226 1649 3505 8848 4923 7456 9968 2240 2962
250 1713 1969 3800 7638 8430 4334 4174 7652 2913 5007 9970 7762 2555 8711
251 5381 7036 9822 1029 5693 7354 4951 7489 3691 5644 4274 5092 3901 5219 9816 188 1343
252 8585 5763 3179 8550 2948 9487 6226 1803 218 8263 4349 6963 5902 9467
253 1087 890 5337 7485 2401 8894 1869 9967 6321 7965 1257 1812 3707 4583 6326 7929 9483 1979 427
254 7531 4631 7708 2718 5119 5606 5649 3420 699 7804 412
255 4968 3296 4936 4271 2868 1713 9895 4631 523 8418 2643
256 7348 3536 9264 291 3055 6206 6476 7733 5009 9833 6236 3395
257 9390 2718 216 7777 112 4113 9566 6698 6413 8681 7984 7513 770 8687 244 2613 5860 8134 5775 9178 3894
259 6805 1942 4824 7776 6786 5160 3277 6905 3570 2011 3136 1984
260 502 2456 6279 5016 5498 9539 150 1288 3380 9930 3612 3077 5412 8134 3894 9007
261 3716 1015 4844 8422 2854 9500 2347 5092 4531 6417 4423 5097 6537 847
262 8744 3355 4205 8342 4302 2262 2539 244 6080 3793 3615 1375 8910 2986 9842 7153 321
263 4243 5265 8346 1226 9285 3921 4039 4467 7665 1954 3341 8386 2630 6712 9244
264 71 137 627 5437 9514 5508 5041 6015 6449 1719 5537 782 2986 3395 3784 5111 5715 2288
265 3156 7963 8947 98 8215 2849 6413 4039 8388 2004 9604 9224 2340 3894 2 979
266 587 5216 7427 7933 320 739 7181 7460 5421 3352 6836 1950 979 2555 3894
267 2527 662 103 2790 3519 8831 5418 3449 8129 590 130 5517 118 8470 9279 1299 2817 2962 2240
268 8886 2972 1463 3601 3645 4708 8511 1563 5524 9465 4960 6305 1625 3023 9007 8491
269 5784 4507 751 7463 1102 8549 4247 6384 5581 7023 4736 3473 847 3877
270 7925 9127 543 3796 9539 2722 2980 5119 6060 9013 9007 7153
271 361 4943 9794 7344 6451 8831 4879 166 9218 6183 9904 9330 1778 5946 6770 3316 9451 5163 4311 2962 3584 7949 4901 2986
272 9644 3627 7108 4299 2772 5671 8725 8736 9127 6502 4967 3758 3783 4170 9007 1984
273 3156 977 7531 7093 2980 3229 6500 2192 5203 3699 2153 4775 9244 5029 2611 250 3144 4311 352 7219 3602
274 8029 5950 5506 4999 4214 5754 1308 9430 6725 9210 9842 9668 4574 1145 1774 9244
275 2694 296 7002 9481 8353 4121 4334 5119 4537 8358 3408 2349 2288 8484 2962 2327 7438 321 9968
276 5411 7042 9158 5876 3239 1790 6206 4448 5534 9804 9980 2666 2611 6359 6920 5219 1343 7413 2555
277 2020 3733 5455 8611 7365 5378 2433 1354 4548 1123 7391 8897 8753 7280
278 8699 7225 4565 9895 2493 7729 3600 5942 7836 3905 307 8183 9259 745 1058 3074
279 8158 613 1334 4565 4488 3686 4356 659 5986 4448 9968 9244 5715 2 3012
280 471 7052 1639 105 3716 624 8834 2634 8234 8037 5548 5204 6060 8090 1601 2288
281 917 8281 8176 4802 2785 1128 1960 8248 4982 4518 4399 8133 8713 9244 9607 2555 7751
282 6372 4821 2077 1139 1441 5007 1451 7387 9859 8363 8351 8618 2121 352 8711
283 6456 4943 1459 9416 1428 8975 8664 7354 1754 118 7594 6949 2003 321
284 5276 242 1259 6273 9026 6767 7931 4600 6818 1261 8711 8193 1580 183 5445
285 7942 1517 1906 1212 1239 4098 5833 923 7234 6021 4909 1534
286 9221 8538 6689 434 9173 3951 5377 4144 7856 5359 4170 1238 79 8994
287 5506 8922 3314 2895 9635 4326 7967 1582 1949 9787 3292 5718 4893 7278 2774 7240 4314 9244 7949 5762
288 7111 9439 8844 1405 1083 162 6885 5471 5439 6420 5964 1595 1959 5531 8174 4664 2240
289 5411 7042 9158 5876 3239 1790 6206 4448 5534 9804 9980 2666 2611 6359 6920 5219 1343 7413 9968
290 3987 2111 466 4486 9250 4562 8297 9810 5822 5895 3629 650 2071 691 9615 2904
291 207 6570 5849 5062 15 3324 5509 7706 7785 8873 8143 8715 2698 5060 3521 9659 4647 7762 2555
292 8108 4342 6225 4118 5427 4288 210 2751 8787 4 3877 8830
293 4936 810 7415 4834 3800 8368 9315 2201 3513 1385 5581 9050 6413 3408 6611 511 5219 3074 7949
294 4270 9944 1212 6600 1880 2635 7806 5177 9942 7357 1701 7 8605 2155 1812 6889 79
295 3819 4812 5897 8329 3924 3420 6958 6440 540 6176 362 3338 8332 369 9968
296 2440 4395 7738 8206 1022 8260 8947 8043 228 330 9374 5783 135 9968 4199
297 9971 2604 7570 1378 7638 5492 1519 6664 4247 322 4736 7023 6465 6613 9533
298 4852 9678 5543 5773 4611 9401 4456 7980 2535 8430 4348 5502 2155 7296
299 8847 4869 9621 1634 8648 4489 4583 5775 4973 1625 6285 6894 8269 1941 2437
300 6907 9711 5876 4315 7023 8939 4736 8329 948 4530 4793 4531 241 279 1406 8345 352 8711 5748 6327 7852 6613 3012 3936
301 9288 6629 7304 1192 8586 5119 1814 1894 8382 2128 7679 8387 2288 5175 8593 2983 8125 1956
302 1691 8047 1594 8774 6233 181 9216 2436 7219 712 9086 9533
303 3156 7963 8947 98 8215 2849 6413 4039 8388 2004 9604 9224 2340 3894 2 979
304 4980 9645 1642 5096 7415 3745 7729 3405 2872 6702 5780 5897 4356 4206 2235 838 4679 1238 6101 5458 9007 2240
305 3989 3950 2604 125 1144 7623 9800 5774 7257 4683 5606 6084 253 7026 4967 1984
306 5510 3768 5062 5011 7866 2089 3436 1400 4501 3226 4423 7732 1524 9903
307 7531 4631 7708 2718 5119 5606 5649 3420 699 7804 412 5962
308 4936 7127 361 3922 41 8259 5506 7307 7362 4171 560 3543 952
309 6550 4119 7963 8368 8215 8549 8383 3492 7874 5715
311 9390 2718 216 7777 112 4113 9566 6698 6413 8681 7984 7513 770 8687 244 2613 5860 8134 5775 9178 3074 2
313 7278 9712 5283 7308 8826 9709 4717 9978 3569 9698 3041 7204 5676 2047 7929 7652 6141 5880 2986 7949
314 4939 8305 1321 1969 9539 7415 5926 7643 7963 7895 547 9160 1524 8994 5412 8134
315 6556 6340 5058 5615 7539 3451 9018 6648 7572 1953 7664 1299 2643 5458
316 4630 2347 9726 6901 5956 6161 4950 4182 9122 7136 1904 7001 9007
317 2225 2077 6591 7307 6647 659 5159 4952 6750 2349 2288 3089 7699 2114
318 2225 2077 6591 7307 6647 659 5159 4952 6750 2349 2288 3089 7699 2114 9007
319 7659 7196 433 3211 6537 6703 1754 5045 4186 740 707 4377 6635
320 9292 6855 6260 6613 2263 4425 5814 6521 1306 1127 2821 9729 447 8343 6476 6465 2962 352 7296
321 5914 7047 4439 5185 170 5541 4237 7609 2969 5145 3316 6116 5163 901 2264
322 520 5219 4532 1703 6805 29 9115 7647 5172 5369 6472 3671 4958 438 1934 9968
323 4270 1212 9552 7608 6969 9942 8496 7799 7467 1611 5437 4423
324 7092 5481 1605 1804 8228 5635 3243 856 9024 9957 7288 8805 9404 5178 1774 9007 1934 1105
325 2961 4820 1006 3400 1174 793 9902 8124 8462 4841 6780 2362 6001 4487 3728 2569 6281 8711 6101 7438 2555
327 296 3796 108 9481 8368 1790 9218 5618 5396 4027 4345 9973 7140 770 7519 7153 3012
328 5442 7845 913 3532 8353 4881 1717 6117 4443 1037 3755 2392
329 279 1053 7110 5044 9979 3268 9579 8469 1280 939 5382 6652 2319 8832 9306 6737 2095 8027 1625 8994 2962
330 6749 4936 296 3460 810 7722 3725 4561 2703 5897 3894 2555
331 7128 296 751 8227 3148 5661 315 9817 3473 8939 528 6608 560 5433 3561 925 5156 79
332 9680 1334 1969 5222 7424 3513 2085 6370 4736 4205 7606 8528 9615 321 7791 8470 6049 2555 4199
333 367 4182 8308 7307 7506 8303 2390 626 9802 1381 1045 3388 7896 7318 2327 5507 79
334 4653 2159 3506 738 325 9256 17 6263 187 5784 2177 6640 2028 9666 6750 7902 6376 4079 8284 3877 3012
335 9158 4524 8353 5774 260 995 1655 1603 9465 4843 8121 4035 4326 4020
336 2639 3493 1319 1935 7311 4706 73 7072 655 4578 1563 2260 8488 5446 7296 6054
337 8075 4801 6550 9243 4670 9643 5016 6702 6290 6117 9864 8342 2643
338 3179 8263 4787 7522 8237 8079 3700 9467 7500 9590 6875 3953 8210 7012 2327 8994 2962 5962
339 2553 3310 3054 7211 4674 3496 2971 2107 1523 6092 4597 3278 8248 2125 7864 1670 3074 3982
340 7861 5577 638 1643 6557 6625 508 7884 9417 3726 350 2344 4765 7615 2288 7883 6986
341 8158 6117 7157 699 3521 5378 9828 9225 7686 4580 475 2962 2643 2240 9842 5715
342 4968 3296 4936 4271 2868 1713 9895 4631 523 8418 2643
343 5652 6487 6636 189 805 8168 7043 5336 2379 3803 8893 1774 3012
344 9274 2732 4935 2854 6797 4993 5762 1233 3978 9054 1036 6372 8248 7790 8212 3023 4326 6613
345 296 3796 108 9481 8368 1790 9218 5618 5396 4027 4345 9973 7140 770 7519 3982
346 350 8546 7639 4057 2776 4482 8894 2551 1582 8951 3114
347 7343 3051 3849 6707 5016 6636 5123 3650 1871 4823 2109 8812 2114 3584 8491 2240
348 3329 6520 4875 8531 4636 1901 7653 7233 3079 6581 3649 5932 1201 3466 3022 1496 6281 3316 6547 6938
349 4477 8398 1354 8088 7370 3188 4370 5556 1889 7884 7861 3936
350 1957 4507 448 1334 3951 5876 8430 874 4683 528 3474 8343 7652
351 5045 1114 4790 6812 3448 8399 9670 3436 7078 6581 9013 1121
352 7818 6842 6602 1002 9623 3516 7091 9184 3803 2768 6705 5783 8116 6676 5322 4901 9244 1625
353 5294 3364 2114 6606 4181 9709 9077 3043 5961 425 2834 3630 3700 7027 9885 3608 8853 8461 1822 321 4199
354 7051 6410 5744 1265 1807 7823 8346 9740 8547 1049 237 3144 569
356 625 124 9634 2987 8042 7109 3309 439 1392 6790 6046 7049 8377 5660 4326
357 1649 750 1093 3988 7737 5246 9492 4734 5135 2307 9908 7179 8994
358 7466 2862 4652 4214 8441 9763 8810 9582 9438 2566 1540 3935 443 3836 9265
359 6907 9711 5876 4315 7023 8939 4736 8329 948 4530 4793 4531 241 279 1406 8345 352 8711 5748 6327 7852 7652 7762 2555
360 3698 5355 3389 7159 7150 8748 8578 1942 7358 4185 6347 8487
361 2003 2514 4600 4126 2251 5661 1372 9861 1145 459 8918 4798 4679 3914 5437 4340 7120 8994 6827 9968 1668
362 5007 6839 4824 3427 7776 3562 7077 3136 2894 6253 5789 9581 1408 9236 5160
363 7128 93 2980 4488 9950 2718 3321 4858 1997 7751 6774 6631 321 9129 4352
364 4693 3992 6618 94 3267 4234 1869 5893 7745 609 8839 1525 811 5775 7085 1668 6101
365 752 4395 2331 2241 2590 3800 9243 3532 5466 523 5869 8462 745 3894 8431
366 1527 7311 6176 9911 6712 6029 1988 3394 7634 3791 897 9869 7333 4286
367 7516 3494 5184 3501 5672 9032 302 9771 1483 8340 3006 1581 8130 3371
368 4507 2604 5926 2493 2718 3148 9439 1717 112 5897 9135 293 2760 4916 6622 5860 4501
369 7382 7600 5222 7708 7897 6290 6370 3935 2431 9400 9920 8145 796 3543 7669 8235
370 3645 2590 911 9243 7702 1192 5942 4776 9365 3521 1086 3383 6196 3543 4457 6258 4624 9244
371 5601 6842 9656 9397 2943 7344 3701 3079 9616 4751 2789 6641 7085 3969 3697 4180 1299 7120 7736 2288 1984 2962
372 8091 4438 4958 4455 7777 1626 3600 6367 8079 4858 8710 3520 8939 7888 4985 865 6465 2962 5762
373 7128 9220 9381 7897 2547 8721 3744 5704 935 6390 991 860 7204 8005 8293 5715 79
374 5442 7845 913 3532 8353 4881 1717 6117 4443 1037 3755 2392 79
375 550 5219 3955 9792 3781 3808 2201 2894 7884 6682 4955 3443 1917 5193
376 4620 5264 6752 9688 8558 3508 2257 1139 1216 3196 3881 186 5038 2670 6014 3894
377 9221 8538 6689 434 9173 3951 5377 4144 7856 5359 4170 7880 9007 3894
378 4199 5314 229 309 9669 2634 1272 3380 2610 340 6290 9521 5053 9320 3431 2191 8169 8284 4170 5340
379 1049 101 4437 4537 8383 9868 401 7314 5704 4985 2838 7551 9400 7950 7692 3023 2611 2175 2900 8491 3074 935
380 7702 6702 7997 4206 9662 7819 3408 5722 6452 4580 8002 2389 4967 6547 6692 3894 4199 9007 5715
381 5454 4968 5459 8878 8353 7895 7354 6737 5661 7241 5506 6290 8710 3074 5383 5117 2555 5715 321
382 525 211 2415 8549 7637 1626 9735 4482 9033 7299 6669 2888 9836 6470 7413 3961 2962 5437
383 9158 1102 6290 948 3420 758 9320 7264 3506 5433 3023 6534 6672 5862 4199 5219 935
384 4968 3296 4936 4271 2868 1713 9895 4631 523 8418 2643
385 3090 4343 7054 977 9390 9735 8239 4652 5880 1010 6167 5179 9969 5534 4967 7001 8284 2962
386 2510 2680 7528 6030 9107 1667 1228 9612 3056 3683 6768 9434 2021 7429 7782 1256 935 9968 5715
387 6161 3276 3728 7079 7429 9284 769 1576 5913 3539 3111 1833 1000 2967 4077 3021 1892 8832 6030
388 1149 9460 6971 6708 1461 445 8772 6567 3539 8015 4680 3284 1557 101 2121 9968 2962 9533 2240
389 2694 9315 7403 5016 7257 1655 9424 4812 2299 3474 7791 7517 1668 321
390 5941 7873 1806 7146 1183 117 2377 4309 654 404 7372 7599 8537 4464 3561 2 8125
391 4968 3296 4936 4271 2868 1713 9895 4631 523 8418 2643
393 4047 9522 4166 7816 836 5581 6248 9130 2989 1043 7028 8506 3156 7782 2340 5869 2685 2 3894 427
394 2225 2077 6591 7307 6647 659 5159 4952 6750 2349 2288 3089 7699 2114 3074
395 8458 766 1666 230 7073 4502 4554 7300 7678 9518 7669 9178 1546 5507 6054 5307 2555 321
396 9610 1555 3876 9194 2076 9539 8568 9279 9498 6914 921 2715 3506 9865
398 8165 7608 978 9616 9867 2226 5327 7733 2116 4101 8797 6178 7219 2569 1979
399 3156 7963 8947 98 8215 2849 6413 4039 8388 2004 9604 9224 2340 3894 2 979 2962
400 8305 2604 1420 5620 5671 1603 2872 4491 1668 2392 7565 667 9083 7688 6359 7219 7240
401 9680 9971 1072 2530 8822 5926 4983 5876 2894 6640 3052 6421 4776 8106 745 847 8512 3163
402 2694 296 7002 9481 8353 4121 4334 5119 4537 8358 3408 2349 2288 8484 2962 2327 5412 979 79
403 2771 1600 7702 7257 1287 2914 7853 124 4625 9804 1801 208 2327 2986 2155
404 7313 448 2604 101 410 4472 9895 2718 7354 4561 7613 9717 9007 2240 5715
405 5454 4968 5459 8878 8353 7895 7354 6737 5661 7241 5506 6290 8710 3074 5383 5117 6613 79
406 3090 4343 7054 977 9390 9735 8239 4652 5880 1010 6167 5179 9969 5534 4967 7001 8284 2240 5715
407 7531 7415 3745 8744 9481 7805 2272 6451 6290 5880 7083 9868 2685 4168 7425 9968 269 8484 6101
408 4276 4343 7265 6809 8152 1477 9013 417 9390 2445 5225 6812 9735 3837 5167 3914 9518 2121
409 8791 9220 9381 1655 4174 9374 3473 688 5704 5660 9969 7425 3700
410 3611 5683 6798 6563 185 6031 5997 73 3125 1814 2263 116 321 3936
411 4871 9253 6265 8821 8887 5147 5364 7043 5465 5679 4354 2066 2114 7949 2288
413 4968 3296 4936 4271 2868 1713 9895 4631 523 8418 2643
414 9958 6481 3913 9822 6500 9124 3301 8866 8203 1562 2 1426 7560 5326 4399 753
415 6328 5194 3883 4212 632 8575 485 5831 773 6213 7312 3036 5519 1445 4679 8470 9968
416 2694 296 7002 9481 8353 4121 4334 5119 4537 8358 3408 2349 2288 8484 2962 2327 7762 3894 2555 2
417 4980 2225 8303 8273 6748 7632 2765 3922 8549 4027 1774 7710 3106 6613 2615 9007
418 3261 6240 9694 4048 7302 6892 3329 2150 2767 728 5454 138 6771 9409 3830
419 7531 4631 7708 2718 5119 5606 5649 3420 699 7804 412 5962
420 1642 9126 4565 2272 4561 1541 1212 5027 3806 9877 7804 3265 540 4093 5397 847 8069 6021 1534 9968
421 7531 4631 7708 2718 5119 5606 5649 3420 699 7804 412 2288
422 3197 921 915 2448 3164 3103 9736 3139 2418 9720 5918 2440 8142 5775 7604 5869 9244 2240
423 9192 1089 1037 5447 5436 1760 4942 4710 1667 7048 8995 7857 1129 1710
424 1748 7183 8949 4090 7072 8368 8304 6001 3274 3895 1013 1945 796 937 5412
425 4936 5571 2493 4631 3148 2201 4951 5635 9946 3145 3408 2555 321
426 6995 4705 9384 1074 3363 9306 1726 2654 8953 4372 7200 3202 9499 8130 8431 7153
427 9845 2843 6055 9277 9090 5930 3492 8586 1177 3015 7481 4034 8431 2685 9848 1299 7153 259
428 7824 57 3663 6083 7799 231 2644 910 9496 571 4705 9723 3320 1763 2288 2962 5748 7652
429 8075 4437 3677 5355 3832 3455 8972 134 3097 2027 5880 1531 6270 6313 541 1534 3521 7153 2986
430 8273 7415 3922 4570 7436 4998 3355 4537 3744 139 1383 8491 3894 79 2
431 296 1952 1969 4121 238 5016 73 3686 9266 302 4198 5630 4901 4091 5869 2491 7759 427
432 3090 747 5119 9376 3081 208 4142 5658 9191 6513 560 884 6240 9721 1524 5869 2
433 7702 6702 7997 4206 9662 7819 3408 5722 6452 4580 8002 2389 4967 6547 6692 3894 4199 3012 79
434 8272 4684 8224 4150 2173 5823 3437 5546 953 5358 5394 2825 2239 802 4313 9244 2643
435 7738 1603 6029 6541 4692 7195 1923 6183 9920 5513 5651 7698 8528 4020
436 4936 810 7415 4834 3800 8368 9315 2201 3513 1385 5581 9050 6413 3408 6611 511 5219 2121
437 2225 2077 6591 7307 6647 659 5159 4952 6750 2349 2288 3089 7699 2114 3894 2
438 8430 3182 4729 78 4386 4005 99 631 850 7802 7425 9968 1134 3074
439 3438 1137 5506 7153 666 9926 8866 2260 1742 6477 7482 2765 3638 4326 3936 8269 979
440 4980 9645 1642 5096 7415 3745 7729 3405 2872 6702 5780 5897 4356 4206 2235 838 4679 1238 6101 5458 6613 321
441 6907 9711 5876 4315 7023 8939 4736 8329 948 4530 4793 4531 241 279 1406 8345 352 8711 5748 6327 7852 2240 9545 2962
442 3168 4430 3990 5146 373 2939 4162 4341 5252 1540 5239 2760 1042 9842 6458 979
443 3804 1162 2104 5952 2842 22 5415 1389 4278 3907 1150 3269 9775 7297 3758 7652 321 3012
444 8091 4438 4958 4455 7777 1626 3600 6367 8079 4858 8710 3520 8939 7888 4985 865 6465 2962 5715 7153
445 3156 7963 8947 98 8215 2849 6413 4039 8388 2004 9604 9224 2340 3894 2 979 79
446 2225 2077 6591 7307 6647 659 5159 4952 6750 2349 2288 3089 7699 2114 5412
447 7128 361 5493 8744 9646 2228 2953 687 9421 2577 6141
449 8511 1649 5571 6117 4113 6366 3643 5101 8106 5767 7038 3427 7852
450 5957 9182 2518 333 4573 5319 5335 1904 2671 9070 6717 5640 4069 5740 3982 7880 9848 2155
451 7128 93 2980 4488 9950 2718 3321 4858 1997 7751 6774 6631 321 9129 4352
452 6907 9711 5876 4315 7023 8939 4736 8329 948 4530 4793 4531 241 279 1406 8345 352 8711 5748 6327 7852 3074 935 2555
453 3691 1489 6228 2338 5971 8745 1616 75 1987 4062 7699 6338 2704 9299
454 5784 4507 751 7463 1102 8549 4247 6384 5581 7023 4736 3473 847 3877 2288
455 7042 3645 3745 2493 547 9735 6331 8947 2105 8940 2096 5079 4356 8269 8711 3023 412 3894 5715 2240
456 2305 6834 1363 6142 1798 1333 4158 3147 3577 1544 6238 9834 9244 2962
457 4936 810 7415 4834 3800 8368 9315 2201 3513 1385 5581 9050 6413 3408 6611 511 5219 9244 3894
458 4395 890 2841 101 9139 8818 5346 6577 7629 3012 3236 1833 2917 79 5715
459 3230 6537 8155 8676 9903 3693 6507 7208 7041 8683 2915 5698 3531 927 7167 7456 8259 4350 7133 2327 6534 9842 935 2
460 6349 4333 8441 9811 7537 1507 2159 7222 5283 390 3260 6949 5339 6817 8659 79
461 8273 7415 3922 4570 7436 4998 3355 4537 3744 139 1383 8491 3894 4199
462 928 8705 9725 6907 4488 2394 7638 3808 1617 4468 2085 188 7438 6986 2240
463 361 3745 4119 447 7729 9643 8383 2326 7291 1143 4610 1668 3827
464 3601 7302 8368 2256 1742 5417 744 5062 2717 4880 5800 5346 9904 3242 6588 6938 8722
465 7531 4631 7708 2718 5119 5606 5649 3420 699 7804 412 7153
466 6232 6928 2717 3120 8772 6683 4420 6466 5544 3163 546 267 3598 603 4661 1918 7795 2892 9848 8116
467 108 9019 526 8473 8221 1574 1119 8379 6587 5742 3194 2927 7042 4161 1763 7519 4786 2121 7568 9299 2288 7296
468 3675 5442 3950 9539 2044 2881 4174 1212 5581 9031 3933 3436 7820 105 321 5219 7732
469 8075 4801 6550 9243 4670 9643 5016 6702 6290 6117 9864 8342 2643
470 4082 3473 3544 2081 8752 3521 3500 4058 8074 2155 4870 372 925 3543 7153 2555
471 2893 2536 6795 4045 5469 7344 3250 7733 3971 4738 1889 8097 9290 2480 4170 5869
472 3182 1407 7952 6317 2336 3207 8912 7369 2331 8142 4934 9202 3163 9244 6101
473 8075 1713 1616 6981 6737 2353 9913 6029 9447 4437 9278 5880 3521 6400 6270 4362 1534 9669 1984 9007 2986 321 5412
474 9173 2771 4502 4570 2718 228 8831 3074 2192 6569 401 1424 4610 4093 4967 7949 4901 8722 1534
475 9589 3060 3783 5671 5401 5349 5568 7013 2032 4024 1474 5204 1779 7613 8816 964 1145 925 7736 1429 9290 5307
476 3243 5674 108 3753 434 8046 785 8517 8233 4043 1318 1135 2199 3783 8528 188 9834 2288 4129
477 1748 7428 720 8040 4555 8107 2317 2589 1841 9472 6001 2260 412 9007
478 8760 4061 4597 3747 1520 4252 7516 2894 9032 2104 456 8674 5748 951 569 1668 2962
479 6408 4616 5827 7786 7773 6850 4987 7757 3682 5515 8647 4702 5519 2422 8269 6467 412
480 5818 3728 9552 3919 2674 2829 2181 7987 6439 3786 5775 7671 3836 7864 7053 8130 4020 8722 2288 3012 2240
481 7531 4631 7708 2718 5119 5606 5649 3420 699 7804 412 2240 79
482 8158 4334 7729 98 2547 7652 1717 6430 6647 758 3364 7880 4311 9545 2643 427
483 2925 83 2357 2487 4978 4488 545 2939 1475 7663 9990 9822 4199 9903 79
484 5133 3224 5780 3912 451 2095 1321 7042 8387 5989 1942 3775 7974 2773 527 7517
485 4588 3911 1675 8528 5238 9009 5082 8821 6600 6909 8685 3122 3753 3172 4069 2288 9834 3758 3111
486 8739 7215 2276 8813 5986 6201 32 3866 2416 5894 2326 7669 1625 5848 7085 8832 9607 3144 8994 6134
487 4443 8270 4485 3555 6531 3524 6650 4465 224 6701 7532 9903 2983 9129 3602
488 7791 7038 2374 3219 2788 8082 1102 7259 5422 9347 6 5425 4569 139 1287 4400 2121 2052 2685 79 1668
489 3156 7963 8947 98 8215 2849 6413 4039 8388 2004 9604 9224 2340 3894 2 979 79
490 7925 4156 503 5188 4960 4303 3771 6308 2105 7865 1385 6413 88 3757 1121 8062 7438 8293
491 4880 9 8273 9722 654 8152 9220 2051 5016 6681 6635 7153 1121
492 296 3602 2552 5534 9624 3337 2863 609 6782 7614 9094 1385 2163 9764 6258 1305 4962 1524 7333 5898 2114 1134 6584 7864
493 6273 5377 7382 1367 8947 7594 8337 5852 6500 9374 3520 1256 1348 3783 8193 8069 4626 183 8711
494 8722 5202 9745 7126 6332 7623 5380 4300 6895 9299 1896 4885 5407 8404
495 2694 108 6451 9278 7956 9638 4206 8170 5660 1825 6674 1778 5885 7108 8183 2666 7575 9197 5715
496 2694 3327 8124 7903 1139 5359 7623 8079 1287 3063 791 4812 8419 1117 5437
497 8305 2604 1420 5620 5671 1603 2872 4491 1668 2392 7565 667 9083 7688 6359 7219 7240
498 9243 1663 7035 9109 4391 9050 6786 6854 2645 5561 5785 1454
499 8702 6768 5651 1830 7334 936 938 1741 9122 792 80 396 863 8920 3103 412 935 2986