82
0 179 5359 675 435 4048 7013 1459 994 197 0 32 237 326 133 60 2288 8732 3590 339 1558 935 39 789 757 91 51 61 5561 192 442 138
1 3626 91 1290 113 4535 3772 749 892 233 66 65 3400 902 307 2873 1780 422 378 5 6394 707 272 2128 117 4727 20 92 90 865 5052 72 9538 974 201 5944 1679 252 3198
2 357 639 2319 435 2543 746 5752 1524 0 787 32 284 642 1224 6723 133 2551 296 339 39 91 51 61 192 2264 606 615 2599 1521 19 5990 3106 3244
3 179 2637 199 7636 197 0 4594 842 32 284 237 403 133 60 4138 1366 39 3591 1122 1130 51 6760 463 1014 1352 924 331 9360 1373 123 377 28 155 1671 3097
5 310 4914 145 3109 23 71 6037 637 938 29 1618 818 199 172 0 3513 726 853 261 4089 32 223 46 3797 997 326 133 60 193 611 5197 6425 9447 1550 138 3849
6 8390 145 3131 352 2114 197 0 853 773 1906 133 60 5197 9637 1449 876 39 789 644 1122 91 51 61 6558 719 128 4096 152 331 162 19 1070 28 30 280 7624 1283 3870 1310
7 101 2316 435 580 552 137 31 254 3471 3929 22 243 478 755 805 950 1438 130 863 2321 142 2506 1995 3011 68 64 1986 3794 252 4371
8 310 145 357 2319 460 1619 3665 3450 2140 167 199 0 32 773 4113 2357 2042 296 6628 39 1388 91 51 605 463 3400 719 3692 19 1089 1597 1290 3198
9 5451 2381 197 719 2216 74 483 330 100 262 5450 930 310 1484 160 659 997 4911 531 3000 143 6257 769 144 2300 61 6038 3898 4022 795 6962 8334 798 157 172 352 624 4421 6729
10 151 137 7320 4387 5191 918 1219 2660 6 4420 37 106 789 620 131 114 2010 39 6926 290 583 1 159 73 399 152 5571 646 655 2130 773 9856 1251 2500 1253 442 1222 5381 1809 5926 1737 6049 2848
11 7712 1397 1993 357 1436 435 1503 3164 0 261 325 32 8009 237 133 60 3317 296 475 39 91 9268 51 61 4929 463 9424 377 1495 138 2060
12 1410 100 37 4529 129 3724 1969 1407 301 6691 59 2638 395 801 456 454 44 404 80 2192 63 289 9 5041 56 867 8638 71 160 198 72 1208 862 107 175 38 1310 138 2264 3756
14 240 33 13 1094 99 3001 23 72 492 6190 1687 311 68 192 3986 379 111 535 546 819 5029 1076 9 61 9512 789 42 1387 74 1347 201 138 708
15 43 753 439 858 129 243 339 905 5771 2281 341 1993 2194 1962 110 2368 0 40 987 382 579 7585 313 561 199 71 20 94 3198 480 135 2659 5974 1290
17 310 7435 145 2355 1436 4335 675 199 6783 197 0 1000 32 842 237 60 2288 4807 3488 39 1951 789 560 91 959 51 61 4141 361 128 1014 1396 152 123 583 5381 138 6049
18 283 338 885 1857 83 2165 6061 3490 1070 533 9 173 5789 1271 3511 6364 0 2927 2420 66 97 2839 265 311 320 39 9531 436 1334 3831 708
20 560 597 5866 933 3706 2 941 1713 3632 4766 1589 433 254 202 6611 7833 312 1855 2600 2566 1086 527 1420 172 2042 1072 72 2351 32 28 3358 3248 155 859 1290
21 852 230 538 799 4911 9770 8687 1869 2384 2501 583 261 424 190 1229 31 4247 731 5661 7322 143 6507 5 98 118 13 215 1382 1924 327 7161 5461 63 120 1888 176 2264 2848
22 179 2637 199 7636 197 0 4594 842 32 284 237 403 133 60 4138 1366 39 3591 1122 1130 51 6760 463 1014 1352 924 331 9360 1373 123 377 28 155 7624 1310
23 68 855 966 623 507 2454 8909 28 7202 9161 308 4867 4723 52 3099 125 6491 8944 9479 4766 146 37 2138 1426 681 680 94 5280 310 78 497 595 2653 4171
24 2546 1428 8480 5165 197 345 9740 216 6882 37 3878 133 537 2188 1959 2583 399 1655 1098 6628 151 934 45 559 647 5078 74 6087 2736 59 923 5384 6135 5815 155 878 802 309 211 1065 914
25 310 1445 352 199 1524 0 853 32 237 133 432 60 1554 1673 2709 296 9799 757 91 51 6943 463 128 2264 2494 7282 566 595 308 2188 4397 19 215 425 120
26 803 4387 9 182 7726 902 116 609 1024 264 721 61 789 110 1116 199 5747 3447 242 3030 1029 1047 3600 522 291 91 1513 6199 2099 127 184 2890 131 114 549 2181 57 84 977 5381
27 1166 2355 145 352 3229 4183 1671 5780 7406 8438 1857 0 6417 32 842 438 284 237 133 60 6795 339 1932 39 644 6997 91 28 3684 859 2591
28 1193 145 1993 6785 4425 4955 460 1459 4362 818 5924 167 199 197 0 325 32 1000 842 812 237 681 133 432 60 2551 527 1558 757 91 61 152 686 123 148 5921
29 179 310 1445 1436 357 4867 5661 746 3148 0 32 1000 410 681 9199 6285 60 550 1673 1624 39 1122 2396 1811 91 51 622 61 361 340 152 924 9122 595 5990 28 138 6698
31 204 2580 110 4259 3000 229 8473 452 449 2400 867 1365 7641 667 8982 257 1015 239 9848 1957 6751 6772 76 8 237 2325 5768 310 1124 86 314 561 176 985 1557 389
32 7691 242 2419 4345 5168 72 733 2378 208 691 6607 2272 4061 2325 390 4884 1318 6851 102 7264 686 220 142 2625 6481 21 94 928 3599 9539 228 1931 3530 967 2500 537 2716 5603 3071
33 1312 603 1993 145 675 2114 7166 746 994 802 2383 0 3658 842 284 812 550 60 2731 2551 339 7461 39 876 886 32 61 128 1014 1504 3751 3692 686 138 7585 3198 968
34 179 310 1312 357 4761 8438 1524 0 32 410 6523 133 60 1624 39 1130 91 3222 51 61 463 1359 128 4096 1971 340 152 546 222 2612 1244 19 1089 1482 1737 3097 1290
35 1617 310 3977 675 167 994 0 3332 32 4169 133 60 1378 527 39 1122 91 51 61 605 1844 128 1504 1352 1186 331 7970 433 686 123 566 19 28 914 138 8450
37 472 4309 4701 287 5603 13 29 32 27 2377 1784 1372 1402 375 182 687 162 132 55 705 164 5332 220 3947 1594 1524 1109 3522 59 3380 2070 4310 63 8 303 2513 2713
39 1174 795 862 301 3853 801 4 3401 6691 267 98 1929 1746 399 1023 5921 115 3554 92 2038 2229 721 0 53 1695 472 391 1597 270 25 454 1683 1058 3045 5391 356 1671
41 310 357 460 1381 3121 199 197 0 1661 3513 32 1906 438 60 6154 6493 527 39 51 61 128 1790 2489 2729 152 3136 7811 1771 686 4168 222 1270 138 554 3975
42 334 5187 861 7031 159 424 2178 204 247 1895 2426 9825 229 520 440 6487 1191 2030 1429 3054 152 37 3689 23 3346 80 1107 86 5220 4424 194 901 8176 2380 1010 184 176 1495 2848
44 310 603 1445 145 352 357 435 0 853 261 4869 32 410 6689 326 133 60 5524 527 296 1366 339 6161 39 789 51 61 980 1401 331 5804 1070 6402 3849 708
45 399 504 254 138 917 771 966 199 19 4547 1015 371 675 31 106 2 855 162 214 507 67 3475 8558 2570 34 4494 472 1902 2068 213 139 41 850 1310 7055 1502
46 8743 1098 152 6397 1576 1091 6869 1498 1293 63 15 389 71 2837 5435 19 44 28 136 36 9 180 65 128 448 4940 210 223 59 1023 436 1934 2951 4842 344 2208 968 155
47 71 494 36 4204 1416 3662 155 41 1473 8719 9831 2615 234 4311 4038 4225 793 51 154 2007 2522 48 5618 50 6393 615 262 606 76 619 52 2762 4140 1184 728 63 285 2264
48 1812 747 1365 342 2381 3550 4775 803 5010 1711 35 64 52 921 1140 3278 1205 5412 1901 32 464 5454 45 649 2295 1254 2319 577 397 1289 436 1026 3311 419 4061 7558 148 4247
49 179 352 2047 6969 6037 1671 3339 994 199 1857 0 853 3332 1329 32 2717 438 642 133 432 9252 60 339 2124 39 2311 876 644 757 2567 28 3097
50 1695 3971 145 352 6158 4863 6344 199 3164 1524 1857 0 261 32 3327 60 4807 3656 39 560 51 61 361 5744 152 4078 308 19 215 425 258 5442 3244 1310
51 138 345 185 180 487 468 1063 225 20 2620 780 7211 297 369 284 287 112 1383 127 4470 9165 3638 101 8 121 4946 1035 2249 9610 155 380 6361 2008 1599 274 367 37 2818 9365
52 310 603 1445 145 352 357 435 0 853 261 4869 32 410 6689 326 133 60 5524 527 296 1366 339 6161 39 789 51 61 980 1401 331 5804 1070 6402 3849 708
53 6845 600 4132 168 366 1032 32 1912 140 1288 606 192 6121 106 681 1045 2814 27 688 353 583 308 1438 3471 458 133 793 2506 155 7241 2328 107 3964 1099 1958 4371 3102
54 310 435 4761 818 199 2383 0 3513 325 32 284 237 4050 4831 1817 133 60 4647 5507 527 1449 39 886 560 51 622 2325 331 566 19 28 138 126
55 1695 145 2328 460 2114 6868 3624 6043 167 199 0 32 438 1224 681 8950 60 1378 1558 339 644 886 91 61 1187 128 192 152 566 4132 6845 19 6223 1294 5048 30 28 914 138
56 728 50 174 141 64 7484 5117 222 9749 98 243 279 379 66 593 57 1148 65 426 6432 144 56 136 119 1151 1063 39 5195 2498 81 387 2264 8402 1502
57 258 829 238 1972 113 1061 3490 1112 945 161 1155 669 279 49 3612 3130 5253 2741 505 3062 5650 7328 739 54 615 7430 72 3372 5542 1775 19 39 2343 4301 3233 2033 583 126 27 176 2780 3975
60 7112 179 310 4020 352 3229 2637 1619 435 5661 6043 199 0 261 325 773 32 60 7337 6742 876 39 61 463 128 1131 7386 152 331 123 1513 2612 19 4609 2848
61 179 145 5431 9311 197 0 2458 32 284 410 60 2330 296 339 1932 39 91 51 1262 6794 566 782 418 1165 19 162 4859 6565 2014 215 2154 28 30 7546 224 3975 126
62 582 85 6937 32 84 6224 1283 4127 479 469 9087 4476 50 608 11 2642 7252 6502 999 318 3971 9 328 9723 1233 4096 121 3870 966 492 2948 3505 282 27 9755 1310 1173 7624
63 9486 559 451 5313 1652 8491 2148 298 316 3054 400 4635 377 1520 472 581 859 521 6428 1078 499 97 5866 1665 1086 1558 574 320 1039 893 7282 431 151 1714 176 5559 72 1010 136 7892 3248 1495 977
64 310 199 0 32 438 410 237 642 681 133 1817 60 3488 3317 296 339 39 91 1936 61 622 8386 128 152 3483 1094 1771 3777 433 1797 19 30 1290 2591
65 179 637 9464 7313 3624 6270 1618 5965 818 167 1857 0 325 32 133 432 60 550 1624 3656 3348 39 7260 1130 91 51 192 3751 152 3692 1521 19 3767
66 2179 3 3292 1901 3730 4775 43 435 4654 874 1906 144 2140 51 160 177 4709 15 38 2138 12 1335 64 3118 424 4148 2165 147 517 557 7007
67 535 4354 1188 4508 579 81 217 3476 526 4498 9824 7260 1034 8966 3566 247 474 2179 1573 8912 368 161 1056 567 357 644 3067 4817 921 372 679 708 1290 3975
68 308 63 54 0 618 23 2933 132 1215 27 177 56 320 712 4594 1127 2648 1122 1114 453 1005 42 5463 3045 495 1221 29 7105 59 6188 3560 6024 3561 259 473 224 115 2265 79 3179 404 1638 725
69 3058 1193 145 3229 1671 994 0 1661 261 32 410 237 326 3716 2177 60 2551 9565 876 39 91 51 61 980 361 192 128 924 4721 782 6454 6165 148 708
70 1617 1312 2730 145 352 1619 7401 1398 0 261 32 410 403 432 133 60 1554 527 2065 475 4240 1449 1388 39 91 1203 463 4606 3400 719 615 123 6304 138 6729
71 214 9 2647 456 163 1797 6924 520 623 151 4557 1645 355 78 436 467 241 3117 2108 18 5115 3692 1 1028 3271 460 2612 179 7135 107 126 1238 1877 155 554 1671 583
73 77 19 20 378 3506 56 49 225 476 4287 423 7056 327 2096 2579 3725 604 3649 206 5860 141 14 3666 7866 75 145 29 8783 652 5472 5603 2896 921 80 1892 170 309 919 487
74 179 603 460 6973 199 7636 0 261 773 32 39 3079 91 51 8136 8491 3483 5636 433 1797 19 162 7685 215 425 1495 3662 30 28 154 738 398 280 896 20 138 1434 2848 4247 3097
75 357 639 2319 435 2543 746 5752 1524 0 787 32 284 642 1224 6723 133 2551 296 339 39 91 51 61 192 2264 606 615 2599 1521 19 5990 3106 3244
76 2446 7749 56 678 777 1675 452 2236 367 4588 1858 264 522 78 1540 9185 301 2208 2724 132 181 1602 355 363 109 126 1034 402 1080 119 111 1830 921 767 199 3992 2060
79 179 1193 603 145 639 4048 3659 1459 199 0 261 787 32 410 642 133 60 39 91 51 61 3340 361 192 128 3751 152 222 1513 782 595 19 1671
80 43 355 7123 128 87 54 68 170 192 903 361 52 357 909 9872 6720 295 8682 45 1810 401 1057 3603 1377 698 239 2319 175 252 27 2060
81 179 145 5731 8484 167 1503 994 0 4928 133 60 1673 1624 5507 3488 527 789 51 61 1401 361 3400 192 152 2674 755 595 308 19 692 535 914 1583 155 1263 1671 3097
82 18 349 3545 1260 79 739 72 51 844 832 1506 118 441 24 291 2 360 573 214 1779 81 58 65 224 62 902 3610 119 46 846 43 88 57 69 126 7677 3097 1671
83 179 145 4020 352 637 2114 199 197 0 842 32 237 326 403 60 2330 6407 475 2124 39 1388 1822 1936 51 61 3519 463 361 1844 1352 1186 331 4219 138 3975 3244
84 370 5667 6868 95 878 3618 2034 263 660 33 4642 52 6457 11 2246 2451 107 242 2420 42 362 9989 7699 106 5081 1034 162 1339 85 147 1642 5133 6166 224 139 442 6049 5276 138
85 1617 1312 2730 145 352 1619 7401 1398 0 261 32 410 403 432 133 60 1554 527 2065 475 4240 1449 1388 39 91 1203 463 4606 3400 719 615 123 6304 138 6729
86 179 1445 2909 145 357 4048 3012 167 802 0 32 812 3498 4113 681 550 60 6628 5384 296 4240 39 876 3814 91 51 1078 980 3483 3741 3046 1284 229 138 6698 900
88 2952 44 2491 274 618 297 2763 15 476 12 1581 8017 54 697 96 2600 1272 170 367 142 1624 333 37 2389 865 7559 172 224 3754 185 692 1439 41 301 1675 469 727 1263
89 179 5359 675 2114 3416 2068 3012 167 199 0 1329 1000 32 284 326 403 2177 60 550 2288 7627 1810 39 91 1936 61 605 6799 7548 128 152 331 123 19 30 138
90 179 603 1397 145 352 4803 6969 1619 5489 5779 0 261 8355 32 438 432 133 60 1554 2330 4647 2042 7627 475 3100 39 757 91 3222 1936 123 138
91 2367 1866 14 463 1279 237 585 406 112 743 111 53 266 165 610 329 225 130 542 4877 1585 2138 2072 40 10 16 401 255 308 11 28 1070 224 176 138
92 27 208 84 183 1321 11 0 348 33 1624 1131 415 3969 63 35 32 227 1505 55 4 1 2963 52 153 6800 535 945 2371 5 277 12 2824 127 583 1958 3097
93 179 145 4020 352 637 2114 199 197 0 842 32 237 326 403 60 2330 6407 475 2124 39 1388 1822 1936 51 61 3519 463 361 1844 1352 1186 331 4219 138
97 1695 145 2328 460 2114 6868 3624 6043 167 199 0 32 438 1224 681 8950 60 1378 1558 339 644 886 91 61 1187 128 192 152 566 4132 6845 19 6223 1294 5048 30 28 914 138
98 179 1263 3131 23 71 210 460 1390 2056 1787 435 865 4761 647 9532 29 167 172 1104 802 0 8332 325 32 281 284 642 46 1224 681 712 403 9786 432 749 797 3849
99 726 756 4625 548 1481 5817 137 3738 476 311 1461 4589 870 337 3620 28 5573 505 2929 4 1 16 1327 357 192 292 1366 613 7379 4639 1591 3849 1954